[2020-01-17 14:54:01,397] {{taskinstance.py:655}} INFO - Dependencies all met for <TaskInstance: getGmailAttachments.hello_task 2020-01-17T14:53:55.162976+00:00 [queued]>
[2020-01-17 14:54:01,411] {{taskinstance.py:655}} INFO - Dependencies all met for <TaskInstance: getGmailAttachments.hello_task 2020-01-17T14:53:55.162976+00:00 [queued]>
[2020-01-17 14:54:01,412] {{taskinstance.py:866}} INFO - 
--------------------------------------------------------------------------------
[2020-01-17 14:54:01,412] {{taskinstance.py:867}} INFO - Starting attempt 1 of 1
[2020-01-17 14:54:01,413] {{taskinstance.py:868}} INFO - 
--------------------------------------------------------------------------------
[2020-01-17 14:54:01,449] {{taskinstance.py:887}} INFO - Executing <Task(PythonOperator): hello_task> on 2020-01-17T14:53:55.162976+00:00
[2020-01-17 14:54:01,459] {{standard_task_runner.py:52}} INFO - Started process 26554 to run task
[2020-01-17 14:54:01,555] {{logging_mixin.py:112}} INFO - [2020-01-17 14:54:01,555] {{dagbag.py:403}} INFO - Filling up the DagBag from /usr/local/airflow/dags/email.py
[2020-01-17 14:54:01,575] {{logging_mixin.py:112}} INFO - Running %s on host %s <TaskInstance: getGmailAttachments.hello_task 2020-01-17T14:53:55.162976+00:00 [running]> 7f68746faaa4
[2020-01-17 14:54:01,595] {{python_operator.py:105}} INFO - Exporting the following env vars:
AIRFLOW_CTX_DAG_OWNER=airflow
AIRFLOW_CTX_DAG_ID=getGmailAttachments
AIRFLOW_CTX_TASK_ID=hello_task
AIRFLOW_CTX_EXECUTION_DATE=2020-01-17T14:53:55.162976+00:00
AIRFLOW_CTX_DAG_RUN_ID=manual__2020-01-17T14:53:55.162976+00:00
[2020-01-17 14:54:01,598] {{logging_mixin.py:112}} WARNING - usage: airflow [--auth_host_name AUTH_HOST_NAME] [--noauth_local_webserver]
               [--auth_host_port [AUTH_HOST_PORT [AUTH_HOST_PORT ...]]]
               [--logging_level {DEBUG,INFO,WARNING,ERROR,CRITICAL}]
[2020-01-17 14:54:01,599] {{logging_mixin.py:112}} WARNING - airflow: error: unrecognized arguments: run getGmailAttachments hello_task 2020-01-17T14:53:55.162976+00:00 --local --pool default_pool -sd /usr/local/airflow/dags/email.py
[2020-01-17 14:54:11,387] {{logging_mixin.py:112}} INFO - [2020-01-17 14:54:11,387] {{local_task_job.py:103}} INFO - Task exited with return code 0
