[2020-01-17 14:53:01.189] [exthost] [info] extension host started
[2020-01-17 14:53:01.312] [exthost] [info] ExtensionService#_doActivateExtension vscode.python {"startup":false,"extensionId":{"value":"vscode.python","_lower":"vscode.python"},"activationEvent":"onLanguage:python"}
[2020-01-17 14:53:01.317] [exthost] [info] ExtensionService#loadCommonJSModule file:///usr/local/airflow/.vscode-server/bin/26076a4de974ead31f97692a0d32f90d735645c0/extensions/python/dist/pythonMain
[2020-01-17 14:53:01.324] [exthost] [info] ExtensionService#_doActivateExtension KevinRose.vsc-python-indent {"startup":false,"extensionId":{"value":"KevinRose.vsc-python-indent","_lower":"kevinrose.vsc-python-indent"},"activationEvent":"onLanguage:python"}
[2020-01-17 14:53:01.327] [exthost] [info] ExtensionService#loadCommonJSModule file:///usr/local/airflow/.vscode-server/extensions/kevinrose.vsc-python-indent-1.8.1/out/extension.js
[2020-01-17 14:53:01.335] [exthost] [info] ExtensionService#_doActivateExtension ms-python.python {"startup":false,"extensionId":{"value":"ms-python.python","_lower":"ms-python.python"},"activationEvent":"onLanguage:python"}
[2020-01-17 14:53:01.336] [exthost] [info] ExtensionService#loadCommonJSModule file:///usr/local/airflow/.vscode-server/extensions/ms-python.python-2020.1.58038/out/client/extension
[2020-01-17 14:53:02.283] [exthost] [info] ExtensionService#_doActivateExtension vscode.debug-auto-launch {"startup":true,"extensionId":{"value":"vscode.debug-auto-launch","_lower":"vscode.debug-auto-launch"},"activationEvent":"*"}
[2020-01-17 14:53:02.285] [exthost] [info] ExtensionService#loadCommonJSModule file:///usr/local/airflow/.vscode-server/bin/26076a4de974ead31f97692a0d32f90d735645c0/extensions/debug-auto-launch/dist/extension
[2020-01-17 14:53:02.298] [exthost] [info] ExtensionService#_doActivateExtension vscode.emmet {"startup":true,"extensionId":{"value":"vscode.emmet","_lower":"vscode.emmet"},"activationEvent":"*"}
[2020-01-17 14:53:02.299] [exthost] [info] ExtensionService#loadCommonJSModule file:///usr/local/airflow/.vscode-server/bin/26076a4de974ead31f97692a0d32f90d735645c0/extensions/emmet/dist/extension
[2020-01-17 14:53:02.415] [exthost] [info] ExtensionService#_doActivateExtension vscode.git {"startup":true,"extensionId":{"value":"vscode.git","_lower":"vscode.git"},"activationEvent":"*"}
[2020-01-17 14:53:02.418] [exthost] [info] ExtensionService#loadCommonJSModule file:///usr/local/airflow/.vscode-server/bin/26076a4de974ead31f97692a0d32f90d735645c0/extensions/git/dist/main
[2020-01-17 14:53:02.589] [exthost] [info] ExtensionService#_doActivateExtension vscode.merge-conflict {"startup":true,"extensionId":{"value":"vscode.merge-conflict","_lower":"vscode.merge-conflict"},"activationEvent":"*"}
[2020-01-17 14:53:02.592] [exthost] [info] ExtensionService#loadCommonJSModule file:///usr/local/airflow/.vscode-server/bin/26076a4de974ead31f97692a0d32f90d735645c0/extensions/merge-conflict/dist/extension
[2020-01-17 14:53:02.602] [exthost] [info] ExtensionService#_doActivateExtension vscode.search-result {"startup":true,"extensionId":{"value":"vscode.search-result","_lower":"vscode.search-result"},"activationEvent":"*"}
[2020-01-17 14:53:02.602] [exthost] [info] ExtensionService#loadCommonJSModule file:///usr/local/airflow/.vscode-server/bin/26076a4de974ead31f97692a0d32f90d735645c0/extensions/search-result/dist/extension.js
[2020-01-17 14:53:02.634] [exthost] [info] eager extensions activated
[2020-01-17 14:53:03.095] [exthost] [info] Extension 'ms-python.python' uses a document selector without scheme. Learn more about this: https://go.microsoft.com/fwlink/?linkid=872305
[2020-01-17 15:06:17.965] [exthost] [info] ExtensionService#_doActivateExtension vscode.html-language-features {"startup":false,"extensionId":{"value":"vscode.html-language-features","_lower":"vscode.html-language-features"},"activationEvent":"onLanguage:html"}
[2020-01-17 15:06:17.969] [exthost] [info] ExtensionService#loadCommonJSModule file:///usr/local/airflow/.vscode-server/bin/26076a4de974ead31f97692a0d32f90d735645c0/extensions/html-language-features/client/dist/htmlMain
