[2020-01-17 13:42:28.403] [exthost] [info] extension host started
[2020-01-17 13:42:28.516] [exthost] [info] ExtensionService#_doActivateExtension vscode.python {"startup":false,"extensionId":{"value":"vscode.python","_lower":"vscode.python"},"activationEvent":"onLanguage:python"}
[2020-01-17 13:42:28.525] [exthost] [info] ExtensionService#loadCommonJSModule file:///usr/local/airflow/.vscode-server/bin/26076a4de974ead31f97692a0d32f90d735645c0/extensions/python/dist/pythonMain
[2020-01-17 13:42:28.542] [exthost] [info] ExtensionService#_doActivateExtension KevinRose.vsc-python-indent {"startup":false,"extensionId":{"value":"KevinRose.vsc-python-indent","_lower":"kevinrose.vsc-python-indent"},"activationEvent":"onLanguage:python"}
[2020-01-17 13:42:28.543] [exthost] [info] ExtensionService#loadCommonJSModule file:///usr/local/airflow/.vscode-server/extensions/kevinrose.vsc-python-indent-1.8.1/out/extension.js
[2020-01-17 13:42:28.553] [exthost] [info] ExtensionService#_doActivateExtension ms-python.python {"startup":false,"extensionId":{"value":"ms-python.python","_lower":"ms-python.python"},"activationEvent":"onLanguage:python"}
[2020-01-17 13:42:28.554] [exthost] [info] ExtensionService#loadCommonJSModule file:///usr/local/airflow/.vscode-server/extensions/ms-python.python-2020.1.58038/out/client/extension
[2020-01-17 13:42:29.660] [exthost] [info] ExtensionService#_doActivateExtension vscode.debug-auto-launch {"startup":true,"extensionId":{"value":"vscode.debug-auto-launch","_lower":"vscode.debug-auto-launch"},"activationEvent":"*"}
[2020-01-17 13:42:29.661] [exthost] [info] ExtensionService#loadCommonJSModule file:///usr/local/airflow/.vscode-server/bin/26076a4de974ead31f97692a0d32f90d735645c0/extensions/debug-auto-launch/dist/extension
[2020-01-17 13:42:29.665] [exthost] [info] ExtensionService#_doActivateExtension vscode.emmet {"startup":true,"extensionId":{"value":"vscode.emmet","_lower":"vscode.emmet"},"activationEvent":"*"}
[2020-01-17 13:42:29.666] [exthost] [info] ExtensionService#loadCommonJSModule file:///usr/local/airflow/.vscode-server/bin/26076a4de974ead31f97692a0d32f90d735645c0/extensions/emmet/dist/extension
[2020-01-17 13:42:29.699] [exthost] [info] ExtensionService#_doActivateExtension vscode.git {"startup":true,"extensionId":{"value":"vscode.git","_lower":"vscode.git"},"activationEvent":"*"}
[2020-01-17 13:42:29.700] [exthost] [info] ExtensionService#loadCommonJSModule file:///usr/local/airflow/.vscode-server/bin/26076a4de974ead31f97692a0d32f90d735645c0/extensions/git/dist/main
[2020-01-17 13:42:29.758] [exthost] [info] ExtensionService#_doActivateExtension vscode.merge-conflict {"startup":true,"extensionId":{"value":"vscode.merge-conflict","_lower":"vscode.merge-conflict"},"activationEvent":"*"}
[2020-01-17 13:42:29.759] [exthost] [info] ExtensionService#loadCommonJSModule file:///usr/local/airflow/.vscode-server/bin/26076a4de974ead31f97692a0d32f90d735645c0/extensions/merge-conflict/dist/extension
[2020-01-17 13:42:29.763] [exthost] [info] ExtensionService#_doActivateExtension vscode.search-result {"startup":true,"extensionId":{"value":"vscode.search-result","_lower":"vscode.search-result"},"activationEvent":"*"}
[2020-01-17 13:42:29.763] [exthost] [info] ExtensionService#loadCommonJSModule file:///usr/local/airflow/.vscode-server/bin/26076a4de974ead31f97692a0d32f90d735645c0/extensions/search-result/dist/extension.js
[2020-01-17 13:42:29.790] [exthost] [info] eager extensions activated
[2020-01-17 13:42:30.211] [exthost] [info] Extension 'ms-python.python' uses a document selector without scheme. Learn more about this: https://go.microsoft.com/fwlink/?linkid=872305
[2020-01-17 13:42:45.372] [exthost] [info] ExtensionService#_doActivateExtension vscode.configuration-editing {"startup":false,"extensionId":{"value":"vscode.configuration-editing","_lower":"vscode.configuration-editing"},"activationEvent":"onLanguage:jsonc"}
[2020-01-17 13:42:45.373] [exthost] [info] ExtensionService#loadCommonJSModule file:///usr/local/airflow/.vscode-server/bin/26076a4de974ead31f97692a0d32f90d735645c0/extensions/configuration-editing/dist/extension
[2020-01-17 13:42:45.391] [exthost] [info] ExtensionService#_doActivateExtension vscode.json-language-features {"startup":false,"extensionId":{"value":"vscode.json-language-features","_lower":"vscode.json-language-features"},"activationEvent":"onLanguage:jsonc"}
[2020-01-17 13:42:45.392] [exthost] [info] ExtensionService#loadCommonJSModule file:///usr/local/airflow/.vscode-server/bin/26076a4de974ead31f97692a0d32f90d735645c0/extensions/json-language-features/client/dist/jsonMain
[2020-01-17 13:42:45.424] [exthost] [info] ExtensionService#_doActivateExtension vscode.typescript-language-features {"startup":false,"extensionId":{"value":"vscode.typescript-language-features","_lower":"vscode.typescript-language-features"},"activationEvent":"onLanguage:jsonc"}
[2020-01-17 13:42:45.425] [exthost] [info] ExtensionService#loadCommonJSModule file:///usr/local/airflow/.vscode-server/bin/26076a4de974ead31f97692a0d32f90d735645c0/extensions/typescript-language-features/dist/extension
[2020-01-17 13:43:32.117] [exthost] [info] ExtensionService#_doActivateExtension vscode.html-language-features {"startup":false,"extensionId":{"value":"vscode.html-language-features","_lower":"vscode.html-language-features"},"activationEvent":"onLanguage:html"}
[2020-01-17 13:43:32.118] [exthost] [info] ExtensionService#loadCommonJSModule file:///usr/local/airflow/.vscode-server/bin/26076a4de974ead31f97692a0d32f90d735645c0/extensions/html-language-features/client/dist/htmlMain
[2020-01-17 13:53:18.959] [exthost] [info] ExtensionService#_doActivateExtension vscode.extension-editing {"startup":false,"extensionId":{"value":"vscode.extension-editing","_lower":"vscode.extension-editing"},"activationEvent":"onLanguage:json"}
[2020-01-17 13:53:18.960] [exthost] [info] ExtensionService#loadCommonJSModule file:///usr/local/airflow/.vscode-server/bin/26076a4de974ead31f97692a0d32f90d735645c0/extensions/extension-editing/dist/extension
[2020-01-17 13:53:18.990] [exthost] [info] ExtensionService#_doActivateExtension vscode.npm {"startup":false,"extensionId":{"value":"vscode.npm","_lower":"vscode.npm"},"activationEvent":"onLanguage:json"}
[2020-01-17 13:53:18.990] [exthost] [info] ExtensionService#loadCommonJSModule file:///usr/local/airflow/.vscode-server/bin/26076a4de974ead31f97692a0d32f90d735645c0/extensions/npm/dist/main
